<?xml version="1.0" encoding="UTF-8"?>
<testsuites name="Mocha Tests" time="15.422" tests="1" failures="0">
  <testsuite name="Root Suite" timestamp="2025-01-27T15:42:43" tests="0" file="cypress/e2e/spec02.cy.ts" time="0.000" failures="0">
  </testsuite>
  <testsuite name="My Second Test Suite" timestamp="2025-01-27T15:42:43" tests="1" time="15.383" failures="0">
    <testcase name="My Second Test Suite My FirstTest case" time="11.555" classname="My FirstTest case">
    </testcase>
  </testsuite>
</testsuites>